# JRE version: OpenJDK Runtime Environment (8.0_242-b01) (build 1.8.0_242-release-1644-b01)
# Java VM: OpenJDK 64-Bit Server VM (25.242-b01 mixed mode windows-amd64 compressed oops)
Heap:
 PSYoungGen      total 172544K, used 102969K [0x00000000e0000000, 0x00000000ebc80000, 0x0000000100000000)
  eden space 153600K, 54% used [0x00000000e0000000,0x00000000e52159a0,0x00000000e9600000)
  from space 18944K, 99% used [0x00000000e9600000,0x00000000ea878d88,0x00000000ea880000)
  to   space 19456K, 0% used [0x00000000ea880000,0x00000000ea880000,0x00000000ebb80000)
 ParOldGen       total 129024K, used 36264K [0x00000000a0000000, 0x00000000a7e00000, 0x00000000e0000000)
  object space 129024K, 28% used [0x00000000a0000000,0x00000000a236a1d0,0x00000000a7e00000)
 Metaspace       used 71123K, capacity 74348K, committed 74712K, reserved 1114112K
  class space    used 9157K, capacity 9857K, committed 9984K, reserved 1048576K
GC Heap History (10 events):
Event: 145.991 GC heap before
{Heap before GC invocations=14 (full 2):
 PSYoungGen      total 111104K, used 111081K [0x00000000e0000000, 0x00000000e8e00000, 0x0000000100000000)
  eden space 97280K, 100% used [0x00000000e0000000,0x00000000e5f00000,0x00000000e5f00000)
  from space 13824K, 99% used [0x00000000e5f00000,0x00000000e6c7a418,0x00000000e6c80000)
  to   space 15872K, 0% used [0x00000000e7e80000,0x00000000e7e80000,0x00000000e8e00000)
 ParOldGen       total 101888K, used 18917K [0x00000000a0000000, 0x00000000a6380000, 0x00000000e0000000)
  object space 101888K, 18% used [0x00000000a0000000,0x00000000a1279740,0x00000000a6380000)
 Metaspace       used 55933K, capacity 58072K, committed 58200K, reserved 1099776K
  class space    used 7235K, capacity 7739K, committed 7808K, reserved 1048576K
Event: 146.014 GC heap after
Heap after GC invocations=14 (full 2):
 PSYoungGen      total 125952K, used 15847K [0x00000000e0000000, 0x00000000e9980000, 0x0000000100000000)
  eden space 110080K, 0% used [0x00000000e0000000,0x00000000e0000000,0x00000000e6b80000)
  from space 15872K, 99% used [0x00000000e7e80000,0x00000000e8df9f38,0x00000000e8e00000)
  to   space 19456K, 0% used [0x00000000e6b80000,0x00000000e6b80000,0x00000000e7e80000)
 ParOldGen       total 101888K, used 23489K [0x00000000a0000000, 0x00000000a6380000, 0x00000000e0000000)
  object space 101888K, 23% used [0x00000000a0000000,0x00000000a16f0498,0x00000000a6380000)
 Metaspace       used 55933K, capacity 58072K, committed 58200K, reserved 1099776K
  class space    used 7235K, capacity 7739K, committed 7808K, reserved 1048576K
}
Event: 146.188 GC heap before
{Heap before GC invocations=15 (full 2):
 PSYoungGen      total 125952K, used 28241K [0x00000000e0000000, 0x00000000e9980000, 0x0000000100000000)
  eden space 110080K, 11% used [0x00000000e0000000,0x00000000e0c1a6c8,0x00000000e6b80000)
  from space 15872K, 99% used [0x00000000e7e80000,0x00000000e8df9f38,0x00000000e8e00000)
  to   space 19456K, 0% used [0x00000000e6b80000,0x00000000e6b80000,0x00000000e7e80000)
 ParOldGen       total 101888K, used 23489K [0x00000000a0000000, 0x00000000a6380000, 0x00000000e0000000)
  object space 101888K, 23% used [0x00000000a0000000,0x00000000a16f0498,0x00000000a6380000)
 Metaspace       used 56819K, capacity 58982K, committed 59028K, reserved 1099776K
  class space    used 7378K, capacity 7902K, committed 7936K, reserved 1048576K
Event: 146.204 GC heap after
Heap after GC invocations=15 (full 2):
 PSYoungGen      total 129536K, used 11963K [0x00000000e0000000, 0x00000000ebb80000, 0x0000000100000000)
  eden space 110080K, 0% used [0x00000000e0000000,0x00000000e0000000,0x00000000e6b80000)
  from space 19456K, 61% used [0x00000000e6b80000,0x00000000e772eeb0,0x00000000e7e80000)
  to   space 19456K, 0% used [0x00000000ea880000,0x00000000ea880000,0x00000000ebb80000)
 ParOldGen       total 101888K, used 28512K [0x00000000a0000000, 0x00000000a6380000, 0x00000000e0000000)
  object space 101888K, 27% used [0x00000000a0000000,0x00000000a1bd8380,0x00000000a6380000)
 Metaspace       used 56819K, capacity 58982K, committed 59028K, reserved 1099776K
  class space    used 7378K, capacity 7902K, committed 7936K, reserved 1048576K
}
Event: 146.204 GC heap before
{Heap before GC invocations=16 (full 3):
 PSYoungGen      total 129536K, used 11963K [0x00000000e0000000, 0x00000000ebb80000, 0x0000000100000000)
  eden space 110080K, 0% used [0x00000000e0000000,0x00000000e0000000,0x00000000e6b80000)
  from space 19456K, 61% used [0x00000000e6b80000,0x00000000e772eeb0,0x00000000e7e80000)
  to   space 19456K, 0% used [0x00000000ea880000,0x00000000ea880000,0x00000000ebb80000)
 ParOldGen       total 101888K, used 28512K [0x00000000a0000000, 0x00000000a6380000, 0x00000000e0000000)
  object space 101888K, 27% used [0x00000000a0000000,0x00000000a1bd8380,0x00000000a6380000)
 Metaspace       used 56819K, capacity 58982K, committed 59028K, reserved 1099776K
  class space    used 7378K, capacity 7902K, committed 7936K, reserved 1048576K
Event: 146.448 GC heap after
Heap after GC invocations=16 (full 3):
 PSYoungGen      total 129536K, used 0K [0x00000000e0000000, 0x00000000ebb80000, 0x0000000100000000)
  eden space 110080K, 0% used [0x00000000e0000000,0x00000000e0000000,0x00000000e6b80000)
  from space 19456K, 0% used [0x00000000e6b80000,0x00000000e6b80000,0x00000000e7e80000)
  to   space 19456K, 0% used [0x00000000ea880000,0x00000000ea880000,0x00000000ebb80000)
 ParOldGen       total 129024K, used 29713K [0x00000000a0000000, 0x00000000a7e00000, 0x00000000e0000000)
  object space 129024K, 23% used [0x00000000a0000000,0x00000000a1d04450,0x00000000a7e00000)
 Metaspace       used 56774K, capacity 58882K, committed 59028K, reserved 1099776K
  class space    used 7367K, capacity 7890K, committed 7936K, reserved 1048576K
}
Event: 147.936 GC heap before
{Heap before GC invocations=17 (full 3):
 PSYoungGen      total 129536K, used 110080K [0x00000000e0000000, 0x00000000ebb80000, 0x0000000100000000)
  eden space 110080K, 100% used [0x00000000e0000000,0x00000000e6b80000,0x00000000e6b80000)
  from space 19456K, 0% used [0x00000000e6b80000,0x00000000e6b80000,0x00000000e7e80000)
  to   space 19456K, 0% used [0x00000000ea880000,0x00000000ea880000,0x00000000ebb80000)
 ParOldGen       total 129024K, used 29713K [0x00000000a0000000, 0x00000000a7e00000, 0x00000000e0000000)
  object space 129024K, 23% used [0x00000000a0000000,0x00000000a1d04450,0x00000000a7e00000)
 Metaspace       used 62726K, capacity 65196K, committed 65368K, reserved 1105920K
  class space    used 8216K, capacity 8787K, committed 8832K, reserved 1048576K
Event: 147.950 GC heap after
Heap after GC invocations=17 (full 3):
 PSYoungGen      total 173056K, used 10609K [0x00000000e0000000, 0x00000000ebc80000, 0x0000000100000000)
  eden space 153600K, 0% used [0x00000000e0000000,0x00000000e0000000,0x00000000e9600000)
  from space 19456K, 54% used [0x00000000ea880000,0x00000000eb2dc420,0x00000000ebb80000)
  to   space 18944K, 0% used [0x00000000e9600000,0x00000000e9600000,0x00000000ea880000)
 ParOldGen       total 129024K, used 29721K [0x00000000a0000000, 0x00000000a7e00000, 0x00000000e0000000)
  object space 129024K, 23% used [0x00000000a0000000,0x00000000a1d06450,0x00000000a7e00000)
 Metaspace       used 62726K, capacity 65196K, committed 65368K, reserved 1105920K
  class space    used 8216K, capacity 8787K, committed 8832K, reserved 1048576K
}
Event: 743.675 GC heap before
{Heap before GC invocations=18 (full 3):
 PSYoungGen      total 173056K, used 164209K [0x00000000e0000000, 0x00000000ebc80000, 0x0000000100000000)
  eden space 153600K, 100% used [0x00000000e0000000,0x00000000e9600000,0x00000000e9600000)
  from space 19456K, 54% used [0x00000000ea880000,0x00000000eb2dc420,0x00000000ebb80000)
  to   space 18944K, 0% used [0x00000000e9600000,0x00000000e9600000,0x00000000ea880000)
 ParOldGen       total 129024K, used 29721K [0x00000000a0000000, 0x00000000a7e00000, 0x00000000e0000000)
  object space 129024K, 23% used [0x00000000a0000000,0x00000000a1d06450,0x00000000a7e00000)
 Metaspace       used 68132K, capacity 71268K, committed 71512K, reserved 1112064K
  class space    used 8858K, capacity 9513K, committed 9600K, reserved 1048576K
Event: 743.725 GC heap after
Heap after GC invocations=18 (full 3):
 PSYoungGen      total 172544K, used 18915K [0x00000000e0000000, 0x00000000ebc80000, 0x0000000100000000)
  eden space 153600K, 0% used [0x00000000e0000000,0x00000000e0000000,0x00000000e9600000)
  from space 18944K, 99% used [0x00000000e9600000,0x00000000ea878d88,0x00000000ea880000)
  to   space 19456K, 0% used [0x00000000ea880000,0x00000000ea880000,0x00000000ebb80000)
 ParOldGen       total 129024K, used 36264K [0x00000000a0000000, 0x00000000a7e00000, 0x00000000e0000000)
  object space 129024K, 28% used [0x00000000a0000000,0x00000000a236a1d0,0x00000000a7e00000)
 Metaspace       used 68132K, capacity 71268K, committed 71512K, reserved 1112064K
  class space    used 8858K, capacity 9513K, committed 9600K, reserved 1048576K
}

